<?xml version="1.0" encoding="UTF-8"?>
<testng-results ignored="0" total="2" passed="1" failed="1" skipped="0">
  <reporter-output>
  </reporter-output>
  <suite started-at="2024-12-31T13:02:21 IST" name="Suite " finished-at="2024-12-31T13:04:30 IST" duration-ms="128614">
    <groups>
      <group name="sanity">
        <method signature="TC_OpenCart_001.verifyRegistration()[pri:0, instance:testCases.TC_OpenCart_001@60641ec8]" name="verifyRegistration" class="testCases.TC_OpenCart_001"/>
        <method signature="TC_OpenCart_002.verifylogin()[pri:0, instance:testCases.TC_OpenCart_002@4a891c97]" name="verifylogin" class="testCases.TC_OpenCart_002"/>
      </group> <!-- sanity -->
    </groups>
    <test started-at="2024-12-31T13:02:21 IST" name="Test" finished-at="2024-12-31T13:04:30 IST" duration-ms="128614">
      <class name="testCases.TC_OpenCart_002">
        <test-method is-config="true" signature="setup(java.lang.String)[pri:0, instance:testCases.TC_OpenCart_002@4a891c97]" started-at="2024-12-31T13:03:30 IST" name="setup" finished-at="2024-12-31T13:03:52 IST" duration-ms="21472" status="PASS">
          <params>
            <param index="0">
              <value>
                <![CDATA[edge]]>
              </value>
            </param>
          </params>
          <reporter-output>
          </reporter-output>
        </test-method> <!-- setup -->
        <test-method signature="verifylogin()[pri:0, instance:testCases.TC_OpenCart_002@4a891c97]" started-at="2024-12-31T13:03:52 IST" name="verifylogin" finished-at="2024-12-31T13:04:29 IST" duration-ms="37421" status="PASS">
          <reporter-output>
          </reporter-output>
        </test-method> <!-- verifylogin -->
        <test-method is-config="true" signature="tearDown()[pri:0, instance:testCases.TC_OpenCart_002@4a891c97]" started-at="2024-12-31T13:04:29 IST" name="tearDown" finished-at="2024-12-31T13:04:30 IST" duration-ms="356" status="PASS">
          <reporter-output>
          </reporter-output>
        </test-method> <!-- tearDown -->
      </class> <!-- testCases.TC_OpenCart_002 -->
      <class name="testCases.TC_OpenCart_001">
        <test-method is-config="true" signature="setup(java.lang.String)[pri:0, instance:testCases.TC_OpenCart_001@60641ec8]" started-at="2024-12-31T13:02:22 IST" name="setup" finished-at="2024-12-31T13:02:33 IST" duration-ms="11274" status="PASS">
          <params>
            <param index="0">
              <value>
                <![CDATA[edge]]>
              </value>
            </param>
          </params>
          <reporter-output>
          </reporter-output>
        </test-method> <!-- setup -->
        <test-method signature="verifyRegistration()[pri:0, instance:testCases.TC_OpenCart_001@60641ec8]" started-at="2024-12-31T13:02:33 IST" name="verifyRegistration" finished-at="2024-12-31T13:02:37 IST" duration-ms="4236" status="FAIL">
          <exception class="java.lang.AssertionError">
            <message>
              <![CDATA[expected [Your Account Has Been Created!!] but found [Your Account Has Been Created!]]]>
            </message>
            <full-stacktrace>
              <![CDATA[java.lang.AssertionError: expected [Your Account Has Been Created!!] but found [Your Account Has Been Created!]
at org.testng.Assert.fail(Assert.java:111)
at org.testng.Assert.failNotEquals(Assert.java:1578)
at org.testng.Assert.assertEqualsImpl(Assert.java:150)
at org.testng.Assert.assertEquals(Assert.java:132)
at org.testng.Assert.assertEquals(Assert.java:656)
at org.testng.Assert.assertEquals(Assert.java:666)
at testCases.TC_OpenCart_001.verifyRegistration(TC_OpenCart_001.java:38)
at java.base/jdk.internal.reflect.DirectMethodHandleAccessor.invoke(DirectMethodHandleAccessor.java:103)
at java.base/java.lang.reflect.Method.invoke(Method.java:580)
at org.testng.internal.invokers.MethodInvocationHelper.invokeMethod(MethodInvocationHelper.java:141)
at org.testng.internal.invokers.TestInvoker.invokeMethod(TestInvoker.java:686)
at org.testng.internal.invokers.TestInvoker.invokeTestMethod(TestInvoker.java:230)
at org.testng.internal.invokers.MethodRunner.runInSequence(MethodRunner.java:63)
at org.testng.internal.invokers.TestInvoker$MethodInvocationAgent.invoke(TestInvoker.java:992)
at org.testng.internal.invokers.TestInvoker.invokeTestMethods(TestInvoker.java:203)
at org.testng.internal.invokers.TestMethodWorker.invokeTestMethods(TestMethodWorker.java:154)
at org.testng.internal.invokers.TestMethodWorker.run(TestMethodWorker.java:134)
at java.base/java.util.ArrayList.forEach(ArrayList.java:1597)
at org.testng.TestRunner.privateRun(TestRunner.java:739)
at org.testng.TestRunner.run(TestRunner.java:614)
at org.testng.SuiteRunner.runTest(SuiteRunner.java:421)
at org.testng.SuiteRunner.runSequentially(SuiteRunner.java:413)
at org.testng.SuiteRunner.privateRun(SuiteRunner.java:373)
at org.testng.SuiteRunner.run(SuiteRunner.java:312)
at org.testng.SuiteRunnerWorker.runSuite(SuiteRunnerWorker.java:52)
at org.testng.SuiteRunnerWorker.run(SuiteRunnerWorker.java:95)
at org.testng.TestNG.runSuitesSequentially(TestNG.java:1274)
at org.testng.TestNG.runSuitesLocally(TestNG.java:1208)
at org.testng.TestNG.runSuites(TestNG.java:1112)
at org.testng.TestNG.run(TestNG.java:1079)
at org.testng.remote.AbstractRemoteTestNG.run(AbstractRemoteTestNG.java:115)
at org.testng.remote.RemoteTestNG.initAndRun(RemoteTestNG.java:293)
at org.testng.remote.RemoteTestNG.main(RemoteTestNG.java:91)
]]>
            </full-stacktrace>
          </exception> <!-- java.lang.AssertionError -->
          <reporter-output>
          </reporter-output>
        </test-method> <!-- verifyRegistration -->
        <test-method is-config="true" signature="tearDown()[pri:0, instance:testCases.TC_OpenCart_001@60641ec8]" started-at="2024-12-31T13:03:30 IST" name="tearDown" finished-at="2024-12-31T13:03:30 IST" duration-ms="665" status="PASS">
          <reporter-output>
          </reporter-output>
        </test-method> <!-- tearDown -->
      </class> <!-- testCases.TC_OpenCart_001 -->
    </test> <!-- Test -->
  </suite> <!-- Suite  -->
</testng-results>
